Using pre-set license
Built from '2022.3/staging' branch; Version is '2022.3.2f1 (d74737c6db50) revision 14108471'; Using compiler version '192829333'; Build Type 'Release'
OS: 'Windows 10  (10.0.19045) 64bit Professional' Language: 'en' Physical Memory: 32694 MB
BatchMode: 1, IsHumanControllingUs: 0, StartBugReporterOnCrash: 0, Is64bit: 1, IsPro: 1

COMMAND LINE ARGUMENTS:
C:\Program Files\Unity\Hub\Editor\2022.3.2f1\Editor\Unity.exe
-adb2
-batchMode
-noUpm
-name
AssetImportWorker3
-projectPath
C:/Users/alexf/Documents/GitHub/CarConfiguratorChallenge/CarConfigurator
-logFile
Logs/AssetImportWorker3.log
-srvPort
56339
Successfully changed project path to: C:/Users/alexf/Documents/GitHub/CarConfiguratorChallenge/CarConfigurator
C:/Users/alexf/Documents/GitHub/CarConfiguratorChallenge/CarConfigurator
[UnityMemory] Configuration Parameters - Can be set up in boot.config
    "memorysetup-bucket-allocator-granularity=16"
    "memorysetup-bucket-allocator-bucket-count=8"
    "memorysetup-bucket-allocator-block-size=33554432"
    "memorysetup-bucket-allocator-block-count=8"
    "memorysetup-main-allocator-block-size=16777216"
    "memorysetup-thread-allocator-block-size=16777216"
    "memorysetup-gfx-main-allocator-block-size=16777216"
    "memorysetup-gfx-thread-allocator-block-size=16777216"
    "memorysetup-cache-allocator-block-size=4194304"
    "memorysetup-typetree-allocator-block-size=2097152"
    "memorysetup-profiler-bucket-allocator-granularity=16"
    "memorysetup-profiler-bucket-allocator-bucket-count=8"
    "memorysetup-profiler-bucket-allocator-block-size=33554432"
    "memorysetup-profiler-bucket-allocator-block-count=8"
    "memorysetup-profiler-allocator-block-size=16777216"
    "memorysetup-profiler-editor-allocator-block-size=1048576"
    "memorysetup-temp-allocator-size-main=16777216"
    "memorysetup-job-temp-allocator-block-size=2097152"
    "memorysetup-job-temp-allocator-block-size-background=1048576"
    "memorysetup-job-temp-allocator-reduction-small-platforms=262144"
    "memorysetup-allocator-temp-initial-block-size-main=262144"
    "memorysetup-allocator-temp-initial-block-size-worker=262144"
    "memorysetup-temp-allocator-size-background-worker=32768"
    "memorysetup-temp-allocator-size-job-worker=262144"
    "memorysetup-temp-allocator-size-preload-manager=33554432"
    "memorysetup-temp-allocator-size-nav-mesh-worker=65536"
    "memorysetup-temp-allocator-size-audio-worker=65536"
    "memorysetup-temp-allocator-size-cloud-worker=32768"
    "memorysetup-temp-allocator-size-gi-baking-worker=262144"
    "memorysetup-temp-allocator-size-gfx=262144"
Player connection [28612] Host "[IP] 192.168.0.186 [Port] 0 [Flags] 2 [Guid] 1117663355 [EditorId] 1117663355 [Version] 1048832 [Id] WindowsEditor(7,DESKTOP-N3627JJ) [Debug] 1 [PackageName] WindowsEditor [ProjectName] Editor" joined multi-casting on [225.0.0.222:54997]...

Player connection [28612] Host "[IP] 192.168.0.186 [Port] 0 [Flags] 2 [Guid] 1117663355 [EditorId] 1117663355 [Version] 1048832 [Id] WindowsEditor(7,DESKTOP-N3627JJ) [Debug] 1 [PackageName] WindowsEditor [ProjectName] Editor" joined alternative multi-casting on [225.0.0.222:34997]...

Refreshing native plugins compatible for Editor in 88.74 ms, found 3 plugins.
Preloading 0 native plugins for Editor in 0.00 ms.
Initialize engine version: 2022.3.2f1 (d74737c6db50)
[Subsystems] Discovering subsystems at path C:/Program Files/Unity/Hub/Editor/2022.3.2f1/Editor/Data/Resources/UnitySubsystems
[Subsystems] Discovering subsystems at path C:/Users/alexf/Documents/GitHub/CarConfiguratorChallenge/CarConfigurator/Assets
GfxDevice: creating device client; threaded=0; jobified=0
Direct3D:
    Version:  Direct3D 11.0 [level 11.1]
    Renderer: NVIDIA GeForce RTX 2060 (ID=0x1e89)
    Vendor:   NVIDIA
    VRAM:     5968 MB
    Driver:   31.0.15.1694
Initialize mono
Mono path[0] = 'C:/Program Files/Unity/Hub/Editor/2022.3.2f1/Editor/Data/Managed'
Mono path[1] = 'C:/Program Files/Unity/Hub/Editor/2022.3.2f1/Editor/Data/MonoBleedingEdge/lib/mono/unityjit-win32'
Mono config path = 'C:/Program Files/Unity/Hub/Editor/2022.3.2f1/Editor/Data/MonoBleedingEdge/etc'
Using monoOptions --debugger-agent=transport=dt_socket,embedding=1,server=y,suspend=n,address=127.0.0.1:56620
Begin MonoManager ReloadAssembly
Registering precompiled unity dll's ...
Register platform support module: C:/Program Files/Unity/Hub/Editor/2022.3.2f1/Editor/Data/PlaybackEngines/WindowsStandaloneSupport/UnityEditor.WindowsStandalone.Extensions.dll
Registered in 0.016279 seconds.
- Loaded All Assemblies, in  0.842 seconds
Native extension for WindowsStandalone target not found
Mono: successfully reloaded assembly
- Finished resetting the current domain, in  0.329 seconds
Domain Reload Profiling: 1168ms
	BeginReloadAssembly (117ms)
		ExecutionOrderSort (0ms)
		DisableScriptedObjects (0ms)
		BackupInstance (0ms)
		ReleaseScriptingObjects (0ms)
		CreateAndSetChildDomain (1ms)
	RebuildCommonClasses (175ms)
	RebuildNativeTypeToScriptingClass (13ms)
	initialDomainReloadingComplete (87ms)
	LoadAllAssembliesAndSetupDomain (447ms)
		LoadAssemblies (112ms)
		RebuildTransferFunctionScriptingTraits (0ms)
		AnalyzeDomain (437ms)
			TypeCache.Refresh (436ms)
				TypeCache.ScanAssembly (322ms)
			ScanForSourceGeneratedMonoScriptInfo (0ms)
			ResolveRequiredComponents (1ms)
	FinalizeReload (330ms)
		ReleaseScriptCaches (0ms)
		RebuildScriptCaches (0ms)
		SetupLoadedEditorAssemblies (261ms)
			LogAssemblyErrors (0ms)
			InitializePlatformSupportModulesInManaged (13ms)
			SetLoadedEditorAssemblies (9ms)
			RefreshPlugins (0ms)
			BeforeProcessingInitializeOnLoad (2ms)
			ProcessInitializeOnLoadAttributes (167ms)
			ProcessInitializeOnLoadMethodAttributes (69ms)
			AfterProcessingInitializeOnLoad (0ms)
			EditorAssembliesLoaded (0ms)
		ExecutionOrderSort2 (0ms)
		AwakeInstancesAfterBackupRestoration (0ms)
========================================================================
Worker process is ready to serve import requests
Begin MonoManager ReloadAssembly
Symbol file LoadedFromMemory doesn't match image C:\Users\alexf\Documents\GitHub\CarConfiguratorChallenge\CarConfigurator\Library\PackageCache\com.unity.visualscripting@1.8.0\Editor\VisualScripting.Core\Dependencies\YamlDotNet\Unity.VisualScripting.YamlDotNet.dll
Symbol file LoadedFromMemory doesn't match image C:\Users\alexf\Documents\GitHub\CarConfiguratorChallenge\CarConfigurator\Library\PackageCache\com.unity.visualscripting@1.8.0\Editor\VisualScripting.Core\Dependencies\DotNetZip\Unity.VisualScripting.IonicZip.dll
- Loaded All Assemblies, in  1.011 seconds
Refreshing native plugins compatible for Editor in 5.80 ms, found 3 plugins.
Native extension for WindowsStandalone target not found
Mono: successfully reloaded assembly
- Finished resetting the current domain, in  0.698 seconds
Domain Reload Profiling: 1702ms
	BeginReloadAssembly (168ms)
		ExecutionOrderSort (0ms)
		DisableScriptedObjects (7ms)
		BackupInstance (0ms)
		ReleaseScriptingObjects (0ms)
		CreateAndSetChildDomain (23ms)
	RebuildCommonClasses (42ms)
	RebuildNativeTypeToScriptingClass (14ms)
	initialDomainReloadingComplete (63ms)
	LoadAllAssembliesAndSetupDomain (715ms)
		LoadAssemblies (389ms)
		RebuildTransferFunctionScriptingTraits (0ms)
		AnalyzeDomain (407ms)
			TypeCache.Refresh (382ms)
				TypeCache.ScanAssembly (366ms)
			ScanForSourceGeneratedMonoScriptInfo (17ms)
			ResolveRequiredComponents (8ms)
	FinalizeReload (699ms)
		ReleaseScriptCaches (0ms)
		RebuildScriptCaches (0ms)
		SetupLoadedEditorAssemblies (483ms)
			LogAssemblyErrors (0ms)
			InitializePlatformSupportModulesInManaged (10ms)
			SetLoadedEditorAssemblies (5ms)
			RefreshPlugins (0ms)
			BeforeProcessingInitializeOnLoad (95ms)
			ProcessInitializeOnLoadAttributes (332ms)
			ProcessInitializeOnLoadMethodAttributes (26ms)
			AfterProcessingInitializeOnLoad (15ms)
			EditorAssembliesLoaded (0ms)
		ExecutionOrderSort2 (0ms)
		AwakeInstancesAfterBackupRestoration (8ms)
Launched and connected shader compiler UnityShaderCompiler.exe after 0.08 seconds
Refreshing native plugins compatible for Editor in 10.97 ms, found 3 plugins.
Preloading 0 native plugins for Editor in 0.00 ms.
Unloading 3087 Unused Serialized files (Serialized files now loaded: 0)
Unloading 31 unused Assets / (56.7 KB). Loaded Objects now: 3569.
Memory consumption went from 130.3 MB to 130.2 MB.
Total: 4.178600 ms (FindLiveObjects: 0.402500 ms CreateObjectMapping: 0.116600 ms MarkObjects: 3.499600 ms  DeleteObjects: 0.158400 ms)

AssetImportParameters requested are different than current active one (requested -> active):
  custom:container-demuxer-ogg: 62fdf1f143b41e24485cea50d1cbac27 -> 
  custom:video-codec-MediaFoundation-h265: e54d7ab0439102e2317fc1e4b246158d -> 
  custom:video-decoder-ogg-theora: a1e56fd34408186e4bbccfd4996cb3dc -> 
  custom:framework-win-MediaFoundation: 216162199b28c13a410421893ffa2e32 -> 
  custom:container-demuxer-webm: 4f35f7cbe854078d1ac9338744f61a02 -> 
  custom:container-muxer-webm: aa71ff27fc2769a1b78a27578f13a17b -> 
  custom:video-decoder-webm-vp8: 9c59270c3fd7afecdb556c50c9e8de78 -> 
  custom:AudioImporter_EditorPlatform: d09bf68614088b80899f8185d706f6e7 -> 
  custom:video-encoder-webm-vp8: eb34c28f22e8b96e1ab97ce403110664 -> 
  custom:audio-decoder-ogg-vorbis: bf7c407c2cedff20999df2af8eb42d56 -> 
  custom:audio-encoder-webm-vorbis: bf7c407c2cedff20999df2af8eb42d56 -> 
========================================================================
Received Import Request.
  Time since last request: 388618.359720 seconds.
  path: Assets/Materials/McLaren/mclaren_interior_primary.mat
  artifactKey: Guid(1f914f4e426034146af1b59ee1b858f0) Importer(815301076,1909f56bfc062723c751e8b465ee728b)
Start importing Assets/Materials/McLaren/mclaren_interior_primary.mat using Guid(1f914f4e426034146af1b59ee1b858f0) Importer(815301076,1909f56bfc062723c751e8b465ee728b)  -> (artifact id: 'eb3bff5e0fc3f5e3d8f7b6e4c2b68e8f') in 0.141719 seconds
Number of updated asset objects reloaded before import = 0
Number of asset objects unloaded after import = 2
========================================================================
Received Import Request.
  Time since last request: 43.229180 seconds.
  path: Assets/ac-praga-r1/textures/BELTS.jpeg
  artifactKey: Guid(61ed8bd0c5240ea49b21e0f21adee233) Importer(815301076,1909f56bfc062723c751e8b465ee728b)
Start importing Assets/ac-praga-r1/textures/BELTS.jpeg using Guid(61ed8bd0c5240ea49b21e0f21adee233) Importer(815301076,1909f56bfc062723c751e8b465ee728b)  -> (artifact id: 'e0be91d07ee7d71b6876430ad7b62781') in 0.029799 seconds
Number of updated asset objects reloaded before import = 0
Number of asset objects unloaded after import = 2
========================================================================
Received Import Request.
  Time since last request: 0.005204 seconds.
  path: Assets/ac-praga-r1/textures/calipers.jpeg
  artifactKey: Guid(b98897686c8022243b8440f4c560201d) Importer(815301076,1909f56bfc062723c751e8b465ee728b)
Start importing Assets/ac-praga-r1/textures/calipers.jpeg using Guid(b98897686c8022243b8440f4c560201d) Importer(815301076,1909f56bfc062723c751e8b465ee728b)  -> (artifact id: '1c306e0159f80e14a11d0fc4df7b5172') in 0.020274 seconds
Number of updated asset objects reloaded before import = 0
Number of asset objects unloaded after import = 2
========================================================================
Received Import Request.
  Time since last request: 0.000041 seconds.
  path: Assets/ac-praga-r1/textures/flat_nm.jpeg
  artifactKey: Guid(21989ffa1efda304da1459f3d676d885) Importer(815301076,1909f56bfc062723c751e8b465ee728b)
Start importing Assets/ac-praga-r1/textures/flat_nm.jpeg using Guid(21989ffa1efda304da1459f3d676d885) Importer(815301076,1909f56bfc062723c751e8b465ee728b)  -> (artifact id: '84f5775b4b9b43674fa37eee7d43cdcb') in 0.019883 seconds
Number of updated asset objects reloaded before import = 0
Number of asset objects unloaded after import = 2
========================================================================
Received Import Request.
  Time since last request: 0.000035 seconds.
  path: Assets/ac-praga-r1/textures/DISK_NM.jpeg
  artifactKey: Guid(14b1e0ac71729f0439c9f103aa8f99b2) Importer(815301076,1909f56bfc062723c751e8b465ee728b)
Start importing Assets/ac-praga-r1/textures/DISK_NM.jpeg using Guid(14b1e0ac71729f0439c9f103aa8f99b2) Importer(815301076,1909f56bfc062723c751e8b465ee728b)  -> (artifact id: '9fb54fb05e0ce5c6365a2c9de4231631') in 0.027529 seconds
Number of updated asset objects reloaded before import = 0
Number of asset objects unloaded after import = 2
========================================================================
Received Import Request.
  Time since last request: 0.000023 seconds.
  path: Assets/ac-praga-r1/textures/nuts_and_bolts_nm.jpeg
  artifactKey: Guid(6bfe50df1d21d9b42a200e92879b3d26) Importer(815301076,1909f56bfc062723c751e8b465ee728b)
Start importing Assets/ac-praga-r1/textures/nuts_and_bolts_nm.jpeg using Guid(6bfe50df1d21d9b42a200e92879b3d26) Importer(815301076,1909f56bfc062723c751e8b465ee728b)  -> (artifact id: '7231f3d8f9cb69171d94b28bfeadc040') in 0.020722 seconds
Number of updated asset objects reloaded before import = 0
Number of asset objects unloaded after import = 2
========================================================================
Received Import Request.
  Time since last request: 0.000030 seconds.
  path: Assets/ac-praga-r1/textures/Tyre_base.jpeg
  artifactKey: Guid(90e6168c74d292444a3a47e2f0e363d1) Importer(815301076,1909f56bfc062723c751e8b465ee728b)
Start importing Assets/ac-praga-r1/textures/Tyre_base.jpeg using Guid(90e6168c74d292444a3a47e2f0e363d1) Importer(815301076,1909f56bfc062723c751e8b465ee728b)  -> (artifact id: 'dbf1045d07ede8ee4266d0d4549be5c9') in 0.021489 seconds
Number of updated asset objects reloaded before import = 0
Number of asset objects unloaded after import = 2
========================================================================
Received Import Request.
  Time since last request: 0.000020 seconds.
  path: Assets/ac-praga-r1/textures/Mirror.jpeg
  artifactKey: Guid(8db55a77c04228e4ead26795eb736dcc) Importer(815301076,1909f56bfc062723c751e8b465ee728b)
Start importing Assets/ac-praga-r1/textures/Mirror.jpeg using Guid(8db55a77c04228e4ead26795eb736dcc) Importer(815301076,1909f56bfc062723c751e8b465ee728b)  -> (artifact id: 'c469aea4669e02cf6c72ef7fb274a584') in 0.027649 seconds
Number of updated asset objects reloaded before import = 0
Number of asset objects unloaded after import = 2
========================================================================
Received Import Request.
  Time since last request: 0.000030 seconds.
  path: Assets/ac-praga-r1/textures/cuciture.png
  artifactKey: Guid(b5320499d0f873748a61e1370ed8a748) Importer(815301076,1909f56bfc062723c751e8b465ee728b)
Start importing Assets/ac-praga-r1/textures/cuciture.png using Guid(b5320499d0f873748a61e1370ed8a748) Importer(815301076,1909f56bfc062723c751e8b465ee728b)  -> (artifact id: '1b1ff29bfe64bab992e1434f16a9c1cd') in 0.022599 seconds
Number of updated asset objects reloaded before import = 0
Number of asset objects unloaded after import = 2
========================================================================
Received Import Request.
  Time since last request: 0.000039 seconds.
  path: Assets/ac-praga-r1/textures/nuts_and_bolts.jpeg
  artifactKey: Guid(92f87402bad601f4896c2f2a167ec521) Importer(815301076,1909f56bfc062723c751e8b465ee728b)
Start importing Assets/ac-praga-r1/textures/nuts_and_bolts.jpeg using Guid(92f87402bad601f4896c2f2a167ec521) Importer(815301076,1909f56bfc062723c751e8b465ee728b)  -> (artifact id: 'ed6b234b65ac7226753e7863ef082857') in 0.021587 seconds
Number of updated asset objects reloaded before import = 0
Number of asset objects unloaded after import = 2
========================================================================
Received Import Request.
  Time since last request: 0.000023 seconds.
  path: Assets/ac-praga-r1/textures/Grid_N.jpeg
  artifactKey: Guid(00fdc0dabc26fb141981bdc2572cd7a6) Importer(815301076,1909f56bfc062723c751e8b465ee728b)
Start importing Assets/ac-praga-r1/textures/Grid_N.jpeg using Guid(00fdc0dabc26fb141981bdc2572cd7a6) Importer(815301076,1909f56bfc062723c751e8b465ee728b)  -> (artifact id: '7caa17205f69138f588ec1198021f167') in 0.017738 seconds
Number of updated asset objects reloaded before import = 0
Number of asset objects unloaded after import = 2
========================================================================
Received Import Request.
  Time since last request: 0.000022 seconds.
  path: Assets/ac-praga-r1/textures/mech.jpeg
  artifactKey: Guid(6beb846e3320c0b4bb9b4e4f3aac8e29) Importer(815301076,1909f56bfc062723c751e8b465ee728b)
Start importing Assets/ac-praga-r1/textures/mech.jpeg using Guid(6beb846e3320c0b4bb9b4e4f3aac8e29) Importer(815301076,1909f56bfc062723c751e8b465ee728b)  -> (artifact id: 'b0dcec9e70fafea737958bb1118ff379') in 0.021670 seconds
Number of updated asset objects reloaded before import = 0
Number of asset objects unloaded after import = 2
========================================================================
Received Import Request.
  Time since last request: 0.000029 seconds.
  path: Assets/ac-praga-r1/textures/Carbon_Matte.jpeg
  artifactKey: Guid(ddfb28572c9d37a40b65d3cf290057fe) Importer(815301076,1909f56bfc062723c751e8b465ee728b)
Start importing Assets/ac-praga-r1/textures/Carbon_Matte.jpeg using Guid(ddfb28572c9d37a40b65d3cf290057fe) Importer(815301076,1909f56bfc062723c751e8b465ee728b)  -> (artifact id: '1d56f4626f6cc8c82f14f14c5a24bdff') in 0.020628 seconds
Number of updated asset objects reloaded before import = 0
Number of asset objects unloaded after import = 2
========================================================================
Received Import Request.
  Time since last request: 0.000023 seconds.
  path: Assets/ac-praga-r1/textures/Carbon.jpeg
  artifactKey: Guid(1e5f2177c6a10f54ab5bf459abea871c) Importer(815301076,1909f56bfc062723c751e8b465ee728b)
Start importing Assets/ac-praga-r1/textures/Carbon.jpeg using Guid(1e5f2177c6a10f54ab5bf459abea871c) Importer(815301076,1909f56bfc062723c751e8b465ee728b)  -> (artifact id: '92558a4a2054afba372ffcba5c924c02') in 0.018569 seconds
Number of updated asset objects reloaded before import = 0
Number of asset objects unloaded after import = 2
========================================================================
Received Import Request.
  Time since last request: 0.000040 seconds.
  path: Assets/ac-praga-r1/textures/Grid_D.jpeg
  artifactKey: Guid(14dd3eb3ad3201c4ea9aa738d8258b2e) Importer(815301076,1909f56bfc062723c751e8b465ee728b)
Start importing Assets/ac-praga-r1/textures/Grid_D.jpeg using Guid(14dd3eb3ad3201c4ea9aa738d8258b2e) Importer(815301076,1909f56bfc062723c751e8b465ee728b)  -> (artifact id: 'a70a93dc97a2c8234e740fc8a66f6578') in 0.017116 seconds
Number of updated asset objects reloaded before import = 0
Number of asset objects unloaded after import = 2
========================================================================
Received Import Request.
  Time since last request: 0.000025 seconds.
  path: Assets/ac-praga-r1/textures/EXT_PLASTIC_black.jpeg
  artifactKey: Guid(50d0707af9bc2da49881a682a6e08364) Importer(815301076,1909f56bfc062723c751e8b465ee728b)
Start importing Assets/ac-praga-r1/textures/EXT_PLASTIC_black.jpeg using Guid(50d0707af9bc2da49881a682a6e08364) Importer(815301076,1909f56bfc062723c751e8b465ee728b)  -> (artifact id: 'de9e6a6932ab5683f65d0f57f0191918') in 0.016890 seconds
Number of updated asset objects reloaded before import = 0
Number of asset objects unloaded after import = 2
========================================================================
Received Import Request.
  Time since last request: 0.000025 seconds.
  path: Assets/ac-praga-r1/textures/PlasticDetail.jpeg
  artifactKey: Guid(76b329d5c0fa4c24bb02323ac01634d9) Importer(815301076,1909f56bfc062723c751e8b465ee728b)
Start importing Assets/ac-praga-r1/textures/PlasticDetail.jpeg using Guid(76b329d5c0fa4c24bb02323ac01634d9) Importer(815301076,1909f56bfc062723c751e8b465ee728b)  -> (artifact id: '620912fd345e3f0805c72ce3f4a5956a') in 0.019446 seconds
Number of updated asset objects reloaded before import = 0
Number of asset objects unloaded after import = 2
========================================================================
Received Import Request.
  Time since last request: 0.000029 seconds.
  path: Assets/ac-praga-r1/textures/stickers.jpeg
  artifactKey: Guid(ef651b5b59ac51c42af5ca3e5ad9e996) Importer(815301076,1909f56bfc062723c751e8b465ee728b)
Start importing Assets/ac-praga-r1/textures/stickers.jpeg using Guid(ef651b5b59ac51c42af5ca3e5ad9e996) Importer(815301076,1909f56bfc062723c751e8b465ee728b)  -> (artifact id: 'de6956dbf187461fed412693bedd799b') in 0.019708 seconds
Number of updated asset objects reloaded before import = 0
Number of asset objects unloaded after import = 2
Editor requested this worker to shutdown with reason: Scaling down because of idle timeout
TcpMessagingSession - receive error: operation aborted. errorcode: 995, details: The I/O operation has been aborted because of either a thread exit or an application request.
AssetImportWorker is now disconnected from the server
Process exiting
Exiting without the bug reporter. Application will terminate with return code 0