Using pre-set license
Built from '2022.3/staging' branch; Version is '2022.3.2f1 (d74737c6db50) revision 14108471'; Using compiler version '192829333'; Build Type 'Release'
OS: 'Windows 10  (10.0.19045) 64bit Professional' Language: 'en' Physical Memory: 32694 MB
BatchMode: 1, IsHumanControllingUs: 0, StartBugReporterOnCrash: 0, Is64bit: 1, IsPro: 1

COMMAND LINE ARGUMENTS:
C:\Program Files\Unity\Hub\Editor\2022.3.2f1\Editor\Unity.exe
-adb2
-batchMode
-noUpm
-name
AssetImportWorker5
-projectPath
C:/Users/alexf/Documents/GitHub/CarConfiguratorChallenge/CarConfigurator
-logFile
Logs/AssetImportWorker5.log
-srvPort
56339
Successfully changed project path to: C:/Users/alexf/Documents/GitHub/CarConfiguratorChallenge/CarConfigurator
C:/Users/alexf/Documents/GitHub/CarConfiguratorChallenge/CarConfigurator
[UnityMemory] Configuration Parameters - Can be set up in boot.config
    "memorysetup-bucket-allocator-granularity=16"
    "memorysetup-bucket-allocator-bucket-count=8"
    "memorysetup-bucket-allocator-block-size=33554432"
    "memorysetup-bucket-allocator-block-count=8"
    "memorysetup-main-allocator-block-size=16777216"
    "memorysetup-thread-allocator-block-size=16777216"
    "memorysetup-gfx-main-allocator-block-size=16777216"
    "memorysetup-gfx-thread-allocator-block-size=16777216"
    "memorysetup-cache-allocator-block-size=4194304"
    "memorysetup-typetree-allocator-block-size=2097152"
    "memorysetup-profiler-bucket-allocator-granularity=16"
    "memorysetup-profiler-bucket-allocator-bucket-count=8"
    "memorysetup-profiler-bucket-allocator-block-size=33554432"
    "memorysetup-profiler-bucket-allocator-block-count=8"
    "memorysetup-profiler-allocator-block-size=16777216"
    "memorysetup-profiler-editor-allocator-block-size=1048576"
    "memorysetup-temp-allocator-size-main=16777216"
    "memorysetup-job-temp-allocator-block-size=2097152"
    "memorysetup-job-temp-allocator-block-size-background=1048576"
    "memorysetup-job-temp-allocator-reduction-small-platforms=262144"
    "memorysetup-allocator-temp-initial-block-size-main=262144"
    "memorysetup-allocator-temp-initial-block-size-worker=262144"
    "memorysetup-temp-allocator-size-background-worker=32768"
    "memorysetup-temp-allocator-size-job-worker=262144"
    "memorysetup-temp-allocator-size-preload-manager=33554432"
    "memorysetup-temp-allocator-size-nav-mesh-worker=65536"
    "memorysetup-temp-allocator-size-audio-worker=65536"
    "memorysetup-temp-allocator-size-cloud-worker=32768"
    "memorysetup-temp-allocator-size-gi-baking-worker=262144"
    "memorysetup-temp-allocator-size-gfx=262144"
Player connection [6944] Host "[IP] 192.168.0.186 [Port] 0 [Flags] 2 [Guid] 2616692074 [EditorId] 2616692074 [Version] 1048832 [Id] WindowsEditor(7,DESKTOP-N3627JJ) [Debug] 1 [PackageName] WindowsEditor [ProjectName] Editor" joined multi-casting on [225.0.0.222:54997]...

Player connection [6944] Host "[IP] 192.168.0.186 [Port] 0 [Flags] 2 [Guid] 2616692074 [EditorId] 2616692074 [Version] 1048832 [Id] WindowsEditor(7,DESKTOP-N3627JJ) [Debug] 1 [PackageName] WindowsEditor [ProjectName] Editor" joined alternative multi-casting on [225.0.0.222:34997]...

Refreshing native plugins compatible for Editor in 16.08 ms, found 3 plugins.
Preloading 0 native plugins for Editor in 0.00 ms.
Initialize engine version: 2022.3.2f1 (d74737c6db50)
[Subsystems] Discovering subsystems at path C:/Program Files/Unity/Hub/Editor/2022.3.2f1/Editor/Data/Resources/UnitySubsystems
[Subsystems] Discovering subsystems at path C:/Users/alexf/Documents/GitHub/CarConfiguratorChallenge/CarConfigurator/Assets
GfxDevice: creating device client; threaded=0; jobified=0
Direct3D:
    Version:  Direct3D 11.0 [level 11.1]
    Renderer: NVIDIA GeForce RTX 2060 (ID=0x1e89)
    Vendor:   NVIDIA
    VRAM:     5968 MB
    Driver:   31.0.15.1694
Initialize mono
Mono path[0] = 'C:/Program Files/Unity/Hub/Editor/2022.3.2f1/Editor/Data/Managed'
Mono path[1] = 'C:/Program Files/Unity/Hub/Editor/2022.3.2f1/Editor/Data/MonoBleedingEdge/lib/mono/unityjit-win32'
Mono config path = 'C:/Program Files/Unity/Hub/Editor/2022.3.2f1/Editor/Data/MonoBleedingEdge/etc'
Using monoOptions --debugger-agent=transport=dt_socket,embedding=1,server=y,suspend=n,address=127.0.0.1:56528
Begin MonoManager ReloadAssembly
Registering precompiled unity dll's ...
Register platform support module: C:/Program Files/Unity/Hub/Editor/2022.3.2f1/Editor/Data/PlaybackEngines/WindowsStandaloneSupport/UnityEditor.WindowsStandalone.Extensions.dll
Registered in 0.017246 seconds.
- Loaded All Assemblies, in  0.463 seconds
Native extension for WindowsStandalone target not found
Mono: successfully reloaded assembly
- Finished resetting the current domain, in  0.376 seconds
Domain Reload Profiling: 834ms
	BeginReloadAssembly (116ms)
		ExecutionOrderSort (0ms)
		DisableScriptedObjects (0ms)
		BackupInstance (0ms)
		ReleaseScriptingObjects (0ms)
		CreateAndSetChildDomain (1ms)
	RebuildCommonClasses (43ms)
	RebuildNativeTypeToScriptingClass (12ms)
	initialDomainReloadingComplete (90ms)
	LoadAllAssembliesAndSetupDomain (197ms)
		LoadAssemblies (112ms)
		RebuildTransferFunctionScriptingTraits (0ms)
		AnalyzeDomain (184ms)
			TypeCache.Refresh (183ms)
				TypeCache.ScanAssembly (167ms)
			ScanForSourceGeneratedMonoScriptInfo (0ms)
			ResolveRequiredComponents (1ms)
	FinalizeReload (376ms)
		ReleaseScriptCaches (0ms)
		RebuildScriptCaches (0ms)
		SetupLoadedEditorAssemblies (296ms)
			LogAssemblyErrors (0ms)
			InitializePlatformSupportModulesInManaged (16ms)
			SetLoadedEditorAssemblies (11ms)
			RefreshPlugins (0ms)
			BeforeProcessingInitializeOnLoad (3ms)
			ProcessInitializeOnLoadAttributes (198ms)
			ProcessInitializeOnLoadMethodAttributes (69ms)
			AfterProcessingInitializeOnLoad (0ms)
			EditorAssembliesLoaded (0ms)
		ExecutionOrderSort2 (0ms)
		AwakeInstancesAfterBackupRestoration (0ms)
========================================================================
Worker process is ready to serve import requests
Begin MonoManager ReloadAssembly
Symbol file LoadedFromMemory doesn't match image C:\Users\alexf\Documents\GitHub\CarConfiguratorChallenge\CarConfigurator\Library\PackageCache\com.unity.visualscripting@1.8.0\Editor\VisualScripting.Core\Dependencies\YamlDotNet\Unity.VisualScripting.YamlDotNet.dll
Symbol file LoadedFromMemory doesn't match image C:\Users\alexf\Documents\GitHub\CarConfiguratorChallenge\CarConfigurator\Library\PackageCache\com.unity.visualscripting@1.8.0\Editor\VisualScripting.Core\Dependencies\DotNetZip\Unity.VisualScripting.IonicZip.dll
- Loaded All Assemblies, in  1.131 seconds
Refreshing native plugins compatible for Editor in 6.19 ms, found 3 plugins.
Native extension for WindowsStandalone target not found
Mono: successfully reloaded assembly
- Finished resetting the current domain, in  0.669 seconds
Domain Reload Profiling: 1791ms
	BeginReloadAssembly (201ms)
		ExecutionOrderSort (0ms)
		DisableScriptedObjects (8ms)
		BackupInstance (0ms)
		ReleaseScriptingObjects (0ms)
		CreateAndSetChildDomain (29ms)
	RebuildCommonClasses (49ms)
	RebuildNativeTypeToScriptingClass (14ms)
	initialDomainReloadingComplete (70ms)
	LoadAllAssembliesAndSetupDomain (788ms)
		LoadAssemblies (443ms)
		RebuildTransferFunctionScriptingTraits (0ms)
		AnalyzeDomain (443ms)
			TypeCache.Refresh (418ms)
				TypeCache.ScanAssembly (398ms)
			ScanForSourceGeneratedMonoScriptInfo (20ms)
			ResolveRequiredComponents (5ms)
	FinalizeReload (669ms)
		ReleaseScriptCaches (0ms)
		RebuildScriptCaches (0ms)
		SetupLoadedEditorAssemblies (471ms)
			LogAssemblyErrors (0ms)
			InitializePlatformSupportModulesInManaged (11ms)
			SetLoadedEditorAssemblies (6ms)
			RefreshPlugins (0ms)
			BeforeProcessingInitializeOnLoad (84ms)
			ProcessInitializeOnLoadAttributes (328ms)
			ProcessInitializeOnLoadMethodAttributes (23ms)
			AfterProcessingInitializeOnLoad (19ms)
			EditorAssembliesLoaded (0ms)
		ExecutionOrderSort2 (0ms)
		AwakeInstancesAfterBackupRestoration (9ms)
Launched and connected shader compiler UnityShaderCompiler.exe after 0.11 seconds
Refreshing native plugins compatible for Editor in 8.56 ms, found 3 plugins.
Preloading 0 native plugins for Editor in 0.00 ms.
Unloading 3087 Unused Serialized files (Serialized files now loaded: 0)
Unloading 31 unused Assets / (56.7 KB). Loaded Objects now: 3569.
Memory consumption went from 131.3 MB to 131.2 MB.
Total: 4.567000 ms (FindLiveObjects: 0.389800 ms CreateObjectMapping: 0.115900 ms MarkObjects: 3.869700 ms  DeleteObjects: 0.190100 ms)

AssetImportParameters requested are different than current active one (requested -> active):
  custom:container-demuxer-ogg: 62fdf1f143b41e24485cea50d1cbac27 -> 
  custom:video-codec-MediaFoundation-h265: e54d7ab0439102e2317fc1e4b246158d -> 
  custom:video-decoder-ogg-theora: a1e56fd34408186e4bbccfd4996cb3dc -> 
  custom:framework-win-MediaFoundation: 216162199b28c13a410421893ffa2e32 -> 
  custom:container-demuxer-webm: 4f35f7cbe854078d1ac9338744f61a02 -> 
  custom:container-muxer-webm: aa71ff27fc2769a1b78a27578f13a17b -> 
  custom:video-decoder-webm-vp8: 9c59270c3fd7afecdb556c50c9e8de78 -> 
  custom:AudioImporter_EditorPlatform: d09bf68614088b80899f8185d706f6e7 -> 
  custom:video-encoder-webm-vp8: eb34c28f22e8b96e1ab97ce403110664 -> 
  custom:audio-decoder-ogg-vorbis: bf7c407c2cedff20999df2af8eb42d56 -> 
  custom:audio-encoder-webm-vorbis: bf7c407c2cedff20999df2af8eb42d56 -> 
========================================================================
Received Import Request.
  Time since last request: 391375.119269 seconds.
  path: Assets/ac-praga-r1/Materials/BELTS.mat
  artifactKey: Guid(890bef33121f87c4ca0f9cd2842c1cd2) Importer(815301076,1909f56bfc062723c751e8b465ee728b)
Start importing Assets/ac-praga-r1/Materials/BELTS.mat using Guid(890bef33121f87c4ca0f9cd2842c1cd2) Importer(815301076,1909f56bfc062723c751e8b465ee728b)  -> (artifact id: 'e331eb5967a25c2427d80bb669fec5a0') in 0.173201 seconds
Number of updated asset objects reloaded before import = 0
Number of asset objects unloaded after import = 2
========================================================================
Received Import Request.
  Time since last request: 0.000058 seconds.
  path: Assets/ac-praga-r1/Materials/stickers 11.mat
  artifactKey: Guid(442e3fd8fd696aa49a31d385e7adcfc5) Importer(815301076,1909f56bfc062723c751e8b465ee728b)
Start importing Assets/ac-praga-r1/Materials/stickers 11.mat using Guid(442e3fd8fd696aa49a31d385e7adcfc5) Importer(815301076,1909f56bfc062723c751e8b465ee728b)  -> (artifact id: '3664aea153b9e245ab449318b254622a') in 0.025435 seconds
Number of updated asset objects reloaded before import = 0
Number of asset objects unloaded after import = 2
========================================================================
Received Import Request.
  Time since last request: 0.000049 seconds.
  path: Assets/ac-praga-r1/Materials/stickers 13.mat
  artifactKey: Guid(a3eb563e778e3bb44b64ef48c1311131) Importer(815301076,1909f56bfc062723c751e8b465ee728b)
Start importing Assets/ac-praga-r1/Materials/stickers 13.mat using Guid(a3eb563e778e3bb44b64ef48c1311131) Importer(815301076,1909f56bfc062723c751e8b465ee728b)  -> (artifact id: 'ba08c0197d74ae48a56a1b57b4ace8bd') in 0.018753 seconds
Number of updated asset objects reloaded before import = 0
Number of asset objects unloaded after import = 2
========================================================================
Received Import Request.
  Time since last request: 0.000025 seconds.
  path: Assets/ac-praga-r1/Materials/Carbon_Matte.mat
  artifactKey: Guid(4d3434361c8d38044b2da75f1f006961) Importer(815301076,1909f56bfc062723c751e8b465ee728b)
Start importing Assets/ac-praga-r1/Materials/Carbon_Matte.mat using Guid(4d3434361c8d38044b2da75f1f006961) Importer(815301076,1909f56bfc062723c751e8b465ee728b)  -> (artifact id: 'f68756f8a4d2295190a7acdcb2b72bfc') in 0.021464 seconds
Number of updated asset objects reloaded before import = 0
Number of asset objects unloaded after import = 2
========================================================================
Received Import Request.
  Time since last request: 0.000019 seconds.
  path: Assets/ac-praga-r1/Materials/stickers 7.mat
  artifactKey: Guid(2c51f81f0c34fb64d9227bfb28148325) Importer(815301076,1909f56bfc062723c751e8b465ee728b)
Start importing Assets/ac-praga-r1/Materials/stickers 7.mat using Guid(2c51f81f0c34fb64d9227bfb28148325) Importer(815301076,1909f56bfc062723c751e8b465ee728b)  -> (artifact id: 'ae14dc869dcbf767b01c114db31dacbe') in 0.016991 seconds
Number of updated asset objects reloaded before import = 0
Number of asset objects unloaded after import = 2
========================================================================
Received Import Request.
  Time since last request: 0.000027 seconds.
  path: Assets/ac-praga-r1/Materials/stickers 3.mat
  artifactKey: Guid(3a0db43a23fd4f94499b15aa4622e827) Importer(815301076,1909f56bfc062723c751e8b465ee728b)
Start importing Assets/ac-praga-r1/Materials/stickers 3.mat using Guid(3a0db43a23fd4f94499b15aa4622e827) Importer(815301076,1909f56bfc062723c751e8b465ee728b)  -> (artifact id: 'f33afd7f4062d691a16c17d7980bb0c1') in 0.021007 seconds
Number of updated asset objects reloaded before import = 0
Number of asset objects unloaded after import = 2
========================================================================
Received Import Request.
  Time since last request: 0.000034 seconds.
  path: Assets/ac-praga-r1/Materials/Tyre_base.mat
  artifactKey: Guid(7080938f313c7a74ab746e177079fdde) Importer(815301076,1909f56bfc062723c751e8b465ee728b)
Start importing Assets/ac-praga-r1/Materials/Tyre_base.mat using Guid(7080938f313c7a74ab746e177079fdde) Importer(815301076,1909f56bfc062723c751e8b465ee728b)  -> (artifact id: '4ea8d256f4865a8110fd9fe7735a620d') in 0.024483 seconds
Number of updated asset objects reloaded before import = 0
Number of asset objects unloaded after import = 3
========================================================================
Received Import Request.
  Time since last request: 0.000028 seconds.
  path: Assets/ac-praga-r1/Materials/PRAG_STEERINGWHEEL_DIFFUSE.mat
  artifactKey: Guid(00f434e3036a71e419d191e20bd0be58) Importer(815301076,1909f56bfc062723c751e8b465ee728b)
Start importing Assets/ac-praga-r1/Materials/PRAG_STEERINGWHEEL_DIFFUSE.mat using Guid(00f434e3036a71e419d191e20bd0be58) Importer(815301076,1909f56bfc062723c751e8b465ee728b)  -> (artifact id: 'c917ff7e9248f507e873966f8c2a6a63') in 0.019046 seconds
Number of updated asset objects reloaded before import = 0
Number of asset objects unloaded after import = 2
========================================================================
Received Import Request.
  Time since last request: 0.000018 seconds.
  path: Assets/ac-praga-r1/Materials/stickers 16.mat
  artifactKey: Guid(8415b77950bf6ed4784fce0c96cb122a) Importer(815301076,1909f56bfc062723c751e8b465ee728b)
Start importing Assets/ac-praga-r1/Materials/stickers 16.mat using Guid(8415b77950bf6ed4784fce0c96cb122a) Importer(815301076,1909f56bfc062723c751e8b465ee728b)  -> (artifact id: '77632bc16128acce2da3b84660b0a1a7') in 0.017410 seconds
Number of updated asset objects reloaded before import = 0
Number of asset objects unloaded after import = 2
========================================================================
Received Import Request.
  Time since last request: 0.000022 seconds.
  path: Assets/ac-praga-r1/Materials/stickers 2.mat
  artifactKey: Guid(ea58548351ffe3a42b4f7c75416631e7) Importer(815301076,1909f56bfc062723c751e8b465ee728b)
Start importing Assets/ac-praga-r1/Materials/stickers 2.mat using Guid(ea58548351ffe3a42b4f7c75416631e7) Importer(815301076,1909f56bfc062723c751e8b465ee728b)  -> (artifact id: 'd5b30588b204f24744f79a7c43a029a3') in 0.029164 seconds
Number of updated asset objects reloaded before import = 0
Number of asset objects unloaded after import = 3
========================================================================
Received Import Request.
  Time since last request: 0.000030 seconds.
  path: Assets/ac-praga-r1/Materials/stickers 17.mat
  artifactKey: Guid(0ce19aa7409a76f43851abfc5f23aeef) Importer(815301076,1909f56bfc062723c751e8b465ee728b)
Start importing Assets/ac-praga-r1/Materials/stickers 17.mat using Guid(0ce19aa7409a76f43851abfc5f23aeef) Importer(815301076,1909f56bfc062723c751e8b465ee728b)  -> (artifact id: '2504ac7b2f76e581b83aa39dab481d64') in 0.020764 seconds
Number of updated asset objects reloaded before import = 0
Number of asset objects unloaded after import = 2
========================================================================
Received Import Request.
  Time since last request: 0.000020 seconds.
  path: Assets/ac-praga-r1/Materials/stickers 15.mat
  artifactKey: Guid(d7d896308af78ef4aa7039ca22a34d2e) Importer(815301076,1909f56bfc062723c751e8b465ee728b)
Start importing Assets/ac-praga-r1/Materials/stickers 15.mat using Guid(d7d896308af78ef4aa7039ca22a34d2e) Importer(815301076,1909f56bfc062723c751e8b465ee728b)  -> (artifact id: '101bb1028580546e85721a4ba3dcbdb6') in 0.021941 seconds
Number of updated asset objects reloaded before import = 0
Number of asset objects unloaded after import = 2
========================================================================
Received Import Request.
  Time since last request: 0.000033 seconds.
  path: Assets/ac-praga-r1/Materials/stickers 1.mat
  artifactKey: Guid(671734f0aa0b70b49835a0f622542993) Importer(815301076,1909f56bfc062723c751e8b465ee728b)
Start importing Assets/ac-praga-r1/Materials/stickers 1.mat using Guid(671734f0aa0b70b49835a0f622542993) Importer(815301076,1909f56bfc062723c751e8b465ee728b)  -> (artifact id: '8c16a8078832eb903a6995702c74634d') in 0.018630 seconds
Number of updated asset objects reloaded before import = 0
Number of asset objects unloaded after import = 2
========================================================================
Received Import Request.
  Time since last request: 0.000052 seconds.
  path: Assets/ac-praga-r1/Materials/Grid_D.mat
  artifactKey: Guid(f1e9f214ef08a9148a237f2c65a6b685) Importer(815301076,1909f56bfc062723c751e8b465ee728b)
Start importing Assets/ac-praga-r1/Materials/Grid_D.mat using Guid(f1e9f214ef08a9148a237f2c65a6b685) Importer(815301076,1909f56bfc062723c751e8b465ee728b)  -> (artifact id: 'e060fc6c701fc333b7d257bb09528de5') in 0.021398 seconds
Number of updated asset objects reloaded before import = 0
Number of asset objects unloaded after import = 2
========================================================================
Received Import Request.
  Time since last request: 0.000023 seconds.
  path: Assets/ac-praga-r1/Materials/calipers.mat
  artifactKey: Guid(bf502c4189e970340b8b86835b53affc) Importer(815301076,1909f56bfc062723c751e8b465ee728b)
Start importing Assets/ac-praga-r1/Materials/calipers.mat using Guid(bf502c4189e970340b8b86835b53affc) Importer(815301076,1909f56bfc062723c751e8b465ee728b)  -> (artifact id: '426a8f347b8fd88decf0733e7298326d') in 0.023238 seconds
Number of updated asset objects reloaded before import = 0
Number of asset objects unloaded after import = 2
========================================================================
Received Import Request.
  Time since last request: 0.000020 seconds.
  path: Assets/ac-praga-r1/Materials/metal_detail_rearwing.mat
  artifactKey: Guid(07737c39a4f269146b69488789996981) Importer(815301076,1909f56bfc062723c751e8b465ee728b)
Start importing Assets/ac-praga-r1/Materials/metal_detail_rearwing.mat using Guid(07737c39a4f269146b69488789996981) Importer(815301076,1909f56bfc062723c751e8b465ee728b)  -> (artifact id: '31481e47ffb092150c3bda927ff20b52') in 0.021152 seconds
Number of updated asset objects reloaded before import = 0
Number of asset objects unloaded after import = 2
========================================================================
Received Import Request.
  Time since last request: 0.000053 seconds.
  path: Assets/ac-praga-r1/Materials/DISK_NM.mat
  artifactKey: Guid(b9c7c0e364a62324f93e89a2571f0017) Importer(815301076,1909f56bfc062723c751e8b465ee728b)
Start importing Assets/ac-praga-r1/Materials/DISK_NM.mat using Guid(b9c7c0e364a62324f93e89a2571f0017) Importer(815301076,1909f56bfc062723c751e8b465ee728b)  -> (artifact id: '7833d67c329d62a4cd2998a7fe58028e') in 0.021417 seconds
Number of updated asset objects reloaded before import = 0
Number of asset objects unloaded after import = 2
========================================================================
Received Import Request.
  Time since last request: 0.000026 seconds.
  path: Assets/ac-praga-r1/Materials/stickers 5.mat
  artifactKey: Guid(5adc64d3a12bdea46844d25f210acb7d) Importer(815301076,1909f56bfc062723c751e8b465ee728b)
Start importing Assets/ac-praga-r1/Materials/stickers 5.mat using Guid(5adc64d3a12bdea46844d25f210acb7d) Importer(815301076,1909f56bfc062723c751e8b465ee728b)  -> (artifact id: 'd786a09fecbabf9dd9a200f381b4223f') in 0.018738 seconds
Number of updated asset objects reloaded before import = 0
Number of asset objects unloaded after import = 2
========================================================================
Received Import Request.
  Time since last request: 0.000037 seconds.
  path: Assets/ac-praga-r1/Materials/stickers 4.mat
  artifactKey: Guid(47888f781ba02594080187fa7f8b7a36) Importer(815301076,1909f56bfc062723c751e8b465ee728b)
Start importing Assets/ac-praga-r1/Materials/stickers 4.mat using Guid(47888f781ba02594080187fa7f8b7a36) Importer(815301076,1909f56bfc062723c751e8b465ee728b)  -> (artifact id: '91b2cae5d3dbabc83658b303e1f9f086') in 0.020493 seconds
Number of updated asset objects reloaded before import = 0
Number of asset objects unloaded after import = 2
========================================================================
Received Import Request.
  Time since last request: 0.000059 seconds.
  path: Assets/ac-praga-r1/Materials/stickers 6.mat
  artifactKey: Guid(c83fdc0f14cb72342a26aef3d3efa5f7) Importer(815301076,1909f56bfc062723c751e8b465ee728b)
Start importing Assets/ac-praga-r1/Materials/stickers 6.mat using Guid(c83fdc0f14cb72342a26aef3d3efa5f7) Importer(815301076,1909f56bfc062723c751e8b465ee728b)  -> (artifact id: '51233970e38266e3dc4d1c8e563c71d1') in 0.027058 seconds
Number of updated asset objects reloaded before import = 0
Number of asset objects unloaded after import = 2
Editor requested this worker to shutdown with reason: Scaling down because of idle timeout
TcpMessagingSession - receive error: operation aborted. errorcode: 995, details: The I/O operation has been aborted because of either a thread exit or an application request.
AssetImportWorker is now disconnected from the server
Process exiting
Exiting without the bug reporter. Application will terminate with return code 0